This is pdfTeX, Version 3.14159265-2.6-1.40.20 (TeX Live 2019) (preloaded format=pdflatex 2020.2.5)  20 MAR 2020 01:29
entering extended mode
 restricted \write18 enabled.
 %&-line parsing enabled.
**A0121749A.tex
(./A0121749A.tex
LaTeX2e <2020-02-02>
L3 programming layer <2020-01-31>
(/usr/local/texlive/2019/texmf-dist/tex/latex/base/article.cls
Document Class: article 2019/12/20 v1.4l Standard LaTeX document class
(/usr/local/texlive/2019/texmf-dist/tex/latex/base/size12.clo
File: size12.clo 2019/12/20 v1.4l Standard LaTeX file (size option)
)
\c@part=\count167
\c@section=\count168
\c@subsection=\count169
\c@subsubsection=\count170
\c@paragraph=\count171
\c@subparagraph=\count172
\c@figure=\count173
\c@table=\count174
\abovecaptionskip=\skip47
\belowcaptionskip=\skip48
\bibindent=\dimen134
)
(/usr/local/texlive/2019/texmf-dist/tex/latex/base/fontenc.sty
Package: fontenc 2020/01/25 v2.0m Standard LaTeX package

(/usr/local/texlive/2019/texmf-dist/tex/latex/base/ot4enc.def
File: ot4enc.def 2020/01/25 v2.0m Standard LaTeX file
Now handling font encoding OT4 ...
... no UTF-8 mapping file for font encoding OT4
)
LaTeX Font Info:    Trying to load font information for OT4+cmr on input line 1
12.

(/usr/local/texlive/2019/texmf-dist/tex/latex/polski/ot4cmr.fd
File: ot4cmr.fd 2008/02/24 v1.2.1 Font defs for fonts PL (MW)
))
\c@define=\count175

(/usr/local/texlive/2019/texmf-dist/tex/latex/amsmath/amsmath.sty
Package: amsmath 2020/01/20 v2.17e AMS math features
\@mathmargin=\skip49

For additional information on amsmath, use the `?' option.
(/usr/local/texlive/2019/texmf-dist/tex/latex/amsmath/amstext.sty
Package: amstext 2000/06/29 v2.01 AMS text

(/usr/local/texlive/2019/texmf-dist/tex/latex/amsmath/amsgen.sty
File: amsgen.sty 1999/11/30 v2.0 generic functions
\@emptytoks=\toks14
\ex@=\dimen135
))
(/usr/local/texlive/2019/texmf-dist/tex/latex/amsmath/amsbsy.sty
Package: amsbsy 1999/11/29 v1.2d Bold Symbols
\pmbraise@=\dimen136
)
(/usr/local/texlive/2019/texmf-dist/tex/latex/amsmath/amsopn.sty
Package: amsopn 2016/03/08 v2.02 operator names
)
\inf@bad=\count176
LaTeX Info: Redefining \frac on input line 227.
\uproot@=\count177
\leftroot@=\count178
LaTeX Info: Redefining \overline on input line 389.
\classnum@=\count179
\DOTSCASE@=\count180
LaTeX Info: Redefining \ldots on input line 486.
LaTeX Info: Redefining \dots on input line 489.
LaTeX Info: Redefining \cdots on input line 610.
\Mathstrutbox@=\box45
\strutbox@=\box46
\big@size=\dimen137
LaTeX Font Info:    Redeclaring font encoding OML on input line 733.
LaTeX Font Info:    Redeclaring font encoding OMS on input line 734.
\macc@depth=\count181
\c@MaxMatrixCols=\count182
\dotsspace@=\muskip16
\c@parentequation=\count183
\dspbrk@lvl=\count184
\tag@help=\toks15
\row@=\count185
\column@=\count186
\maxfields@=\count187
\andhelp@=\toks16
\eqnshift@=\dimen138
\alignsep@=\dimen139
\tagshift@=\dimen140
\tagwidth@=\dimen141
\totwidth@=\dimen142
\lineht@=\dimen143
\@envbody=\toks17
\multlinegap=\skip50
\multlinetaggap=\skip51
\mathdisplay@stack=\toks18
LaTeX Info: Redefining \[ on input line 2859.
LaTeX Info: Redefining \] on input line 2860.
)
(/usr/local/texlive/2019/texmf-dist/tex/latex/graphics/graphicx.sty
Package: graphicx 2019/11/30 v1.2a Enhanced LaTeX Graphics (DPC,SPQR)

(/usr/local/texlive/2019/texmf-dist/tex/latex/graphics/keyval.sty
Package: keyval 2014/10/28 v1.15 key=value parser (DPC)
\KV@toks@=\toks19
)
(/usr/local/texlive/2019/texmf-dist/tex/latex/graphics/graphics.sty
Package: graphics 2019/11/30 v1.4a Standard LaTeX Graphics (DPC,SPQR)

(/usr/local/texlive/2019/texmf-dist/tex/latex/graphics/trig.sty
Package: trig 2016/01/03 v1.10 sin cos tan (DPC)
)
(/usr/local/texlive/2019/texmf-dist/tex/latex/graphics-cfg/graphics.cfg
File: graphics.cfg 2016/06/04 v1.11 sample graphics configuration
)
Package graphics Info: Driver file: pdftex.def on input line 105.

(/usr/local/texlive/2019/texmf-dist/tex/latex/graphics-def/pdftex.def
File: pdftex.def 2018/01/08 v1.0l Graphics/color driver for pdftex
))
\Gin@req@height=\dimen144
\Gin@req@width=\dimen145
)
(/usr/local/texlive/2019/texmf-dist/tex/latex/hyperref/hyperref.sty
Package: hyperref 2020/01/14 v7.00d Hypertext links for LaTeX

(/usr/local/texlive/2019/texmf-dist/tex/generic/ltxcmds/ltxcmds.sty
Package: ltxcmds 2019/12/15 v1.24 LaTeX kernel commands for general use (HO)
)
(/usr/local/texlive/2019/texmf-dist/tex/generic/iftex/iftex.sty
Package: iftex 2019/11/07 v1.0c TeX engine tests
)
(/usr/local/texlive/2019/texmf-dist/tex/latex/pdftexcmds/pdftexcmds.sty
Package: pdftexcmds 2019/11/24 v0.31 Utility functions of pdfTeX for LuaTeX (HO
)

(/usr/local/texlive/2019/texmf-dist/tex/generic/infwarerr/infwarerr.sty
Package: infwarerr 2019/12/03 v1.5 Providing info/warning/error messages (HO)
)
Package pdftexcmds Info: \pdf@primitive is available.
Package pdftexcmds Info: \pdf@ifprimitive is available.
Package pdftexcmds Info: \pdfdraftmode found.
)
(/usr/local/texlive/2019/texmf-dist/tex/generic/kvsetkeys/kvsetkeys.sty
Package: kvsetkeys 2019/12/15 v1.18 Key value parser (HO)
)
(/usr/local/texlive/2019/texmf-dist/tex/generic/kvdefinekeys/kvdefinekeys.sty
Package: kvdefinekeys 2019-12-19 v1.6 Define keys (HO)
)
(/usr/local/texlive/2019/texmf-dist/tex/generic/pdfescape/pdfescape.sty
Package: pdfescape 2019/12/09 v1.15 Implements pdfTeX's escape features (HO)
)
(/usr/local/texlive/2019/texmf-dist/tex/latex/hycolor/hycolor.sty
Package: hycolor 2020-01-27 v1.10 Color options for hyperref/bookmark (HO)
)
(/usr/local/texlive/2019/texmf-dist/tex/latex/letltxmacro/letltxmacro.sty
Package: letltxmacro 2019/12/03 v1.6 Let assignment for LaTeX macros (HO)
)
(/usr/local/texlive/2019/texmf-dist/tex/latex/auxhook/auxhook.sty
Package: auxhook 2019-12-17 v1.6 Hooks for auxiliary files (HO)
)
(/usr/local/texlive/2019/texmf-dist/tex/latex/kvoptions/kvoptions.sty
Package: kvoptions 2019/11/29 v3.13 Key value format for package options (HO)
)
\@linkdim=\dimen146
\Hy@linkcounter=\count188
\Hy@pagecounter=\count189

(/usr/local/texlive/2019/texmf-dist/tex/latex/hyperref/pd1enc.def
File: pd1enc.def 2020/01/14 v7.00d Hyperref: PDFDocEncoding definition (HO)
Now handling font encoding PD1 ...
... no UTF-8 mapping file for font encoding PD1
)
(/usr/local/texlive/2019/texmf-dist/tex/generic/intcalc/intcalc.sty
Package: intcalc 2019/12/15 v1.3 Expandable calculations with integers (HO)
)
(/usr/local/texlive/2019/texmf-dist/tex/generic/etexcmds/etexcmds.sty
Package: etexcmds 2019/12/15 v1.7 Avoid name clashes with e-TeX commands (HO)
)
\Hy@SavedSpaceFactor=\count190
\pdfmajorversion=\count191
Package hyperref Info: Hyper figures OFF on input line 4547.
Package hyperref Info: Link nesting OFF on input line 4552.
Package hyperref Info: Hyper index ON on input line 4555.
Package hyperref Info: Plain pages OFF on input line 4562.
Package hyperref Info: Backreferencing OFF on input line 4567.
Package hyperref Info: Implicit mode ON; LaTeX internals redefined.
Package hyperref Info: Bookmarks ON on input line 4800.
\c@Hy@tempcnt=\count192

(/usr/local/texlive/2019/texmf-dist/tex/latex/url/url.sty
\Urlmuskip=\muskip17
Package: url 2013/09/16  ver 3.4  Verb mode for urls, etc.
)
LaTeX Info: Redefining \url on input line 5159.
\XeTeXLinkMargin=\dimen147

(/usr/local/texlive/2019/texmf-dist/tex/generic/bitset/bitset.sty
Package: bitset 2019/12/09 v1.3 Handle bit-vector datatype (HO)

(/usr/local/texlive/2019/texmf-dist/tex/generic/bigintcalc/bigintcalc.sty
Package: bigintcalc 2019/12/15 v1.5 Expandable calculations on big integers (HO
)
))
\Fld@menulength=\count193
\Field@Width=\dimen148
\Fld@charsize=\dimen149
Package hyperref Info: Hyper figures OFF on input line 6430.
Package hyperref Info: Link nesting OFF on input line 6435.
Package hyperref Info: Hyper index ON on input line 6438.
Package hyperref Info: backreferencing OFF on input line 6445.
Package hyperref Info: Link coloring OFF on input line 6450.
Package hyperref Info: Link coloring with OCG OFF on input line 6455.
Package hyperref Info: PDF/A mode OFF on input line 6460.
LaTeX Info: Redefining \ref on input line 6500.
LaTeX Info: Redefining \pageref on input line 6504.

(/usr/local/texlive/2019/texmf-dist/tex/generic/atbegshi/atbegshi.sty
Package: atbegshi 2019/12/05 v1.19 At begin shipout hook (HO)
)
\Hy@abspage=\count194
\c@Item=\count195
\c@Hfootnote=\count196
)
Package hyperref Info: Driver (autodetected): hpdftex.

(/usr/local/texlive/2019/texmf-dist/tex/latex/hyperref/hpdftex.def
File: hpdftex.def 2020/01/14 v7.00d Hyperref driver for pdfTeX

(/usr/local/texlive/2019/texmf-dist/tex/latex/atveryend/atveryend.sty
Package: atveryend 2019-12-11 v1.11 Hooks at the very end of document (HO)
Package atveryend Info: \enddocument detected (standard20110627).
)
\Fld@listcount=\count197
\c@bookmark@seq@number=\count198

(/usr/local/texlive/2019/texmf-dist/tex/latex/rerunfilecheck/rerunfilecheck.sty
Package: rerunfilecheck 2019/12/05 v1.9 Rerun checks for auxiliary files (HO)

(/usr/local/texlive/2019/texmf-dist/tex/generic/uniquecounter/uniquecounter.sty
Package: uniquecounter 2019/12/15 v1.4 Provide unlimited unique counter (HO)
)
Package uniquecounter Info: New unique counter `rerunfilecheck' on input line 2
86.
)
\Hy@SectionHShift=\skip52
) (/usr/local/texlive/2019/texmf-dist/tex/latex/enumitem/enumitem.sty
Package: enumitem 2019/06/20 v3.9 Customized lists
\labelindent=\skip53
\enit@outerparindent=\dimen150
\enit@toks=\toks20
\enit@inbox=\box47
\enit@count@id=\count199
\enitdp@description=\count266
)
(/usr/local/texlive/2019/texmf-dist/tex/latex/float/float.sty
Package: float 2001/11/08 v1.3d Float enhancements (AL)
\c@float@type=\count267
\float@exts=\toks21
\float@box=\box48
\@float@everytoks=\toks22
\@floatcapt=\box49
)
(/usr/local/texlive/2019/texmf-dist/tex/latex/listings/listings.sty
\lst@mode=\count268
\lst@gtempboxa=\box50
\lst@token=\toks23
\lst@length=\count269
\lst@currlwidth=\dimen151
\lst@column=\count270
\lst@pos=\count271
\lst@lostspace=\dimen152
\lst@width=\dimen153
\lst@newlines=\count272
\lst@lineno=\count273
\lst@maxwidth=\dimen154

(/usr/local/texlive/2019/texmf-dist/tex/latex/listings/lstmisc.sty
File: lstmisc.sty 2019/09/10 1.8c (Carsten Heinz)
\c@lstnumber=\count274
\lst@skipnumbers=\count275
\lst@framebox=\box51
)
(/usr/local/texlive/2019/texmf-dist/tex/latex/listings/listings.cfg
File: listings.cfg 2019/09/10 1.8c listings configuration
))
Package: listings 2019/09/10 1.8c (Carsten Heinz)

(/usr/local/texlive/2019/texmf-dist/tex/latex/listings/lstlang1.sty
File: lstlang1.sty 2019/09/10 1.8c listings language file
)
(/usr/local/texlive/2019/texmf-dist/tex/latex/listings/lstmisc.sty
File: lstmisc.sty 2019/09/10 1.8c (Carsten Heinz)
)
(/usr/local/texlive/2019/texmf-dist/tex/latex/l3backend/l3backend-pdfmode.def
File: l3backend-pdfmode.def 2019-04-06 L3 backend support: PDF mode
\l__kernel_color_stack_int=\count276
\l__pdf_internal_box=\box52
)
No file A0121749A.aux.
\openout1 = `A0121749A.aux'.

LaTeX Font Info:    Checking defaults for OML/cmm/m/it on input line 54.
LaTeX Font Info:    ... okay on input line 54.
LaTeX Font Info:    Checking defaults for OMS/cmsy/m/n on input line 54.
LaTeX Font Info:    ... okay on input line 54.
LaTeX Font Info:    Checking defaults for OT1/cmr/m/n on input line 54.
LaTeX Font Info:    ... okay on input line 54.
LaTeX Font Info:    Checking defaults for T1/cmr/m/n on input line 54.
LaTeX Font Info:    ... okay on input line 54.
LaTeX Font Info:    Checking defaults for TS1/cmr/m/n on input line 54.
LaTeX Font Info:    ... okay on input line 54.
LaTeX Font Info:    Checking defaults for OMX/cmex/m/n on input line 54.
LaTeX Font Info:    ... okay on input line 54.
LaTeX Font Info:    Checking defaults for U/cmr/m/n on input line 54.
LaTeX Font Info:    ... okay on input line 54.
LaTeX Font Info:    Checking defaults for OT4/cmr/m/n on input line 54.
LaTeX Font Info:    ... okay on input line 54.
LaTeX Font Info:    Checking defaults for PD1/pdf/m/n on input line 54.
LaTeX Font Info:    ... okay on input line 54.
(/usr/local/texlive/2019/texmf-dist/tex/context/base/mkii/supp-pdf.mkii
[Loading MPS to PDF converter (version 2006.09.02).]
\scratchcounter=\count277
\scratchdimen=\dimen155
\scratchbox=\box53
\nofMPsegments=\count278
\nofMParguments=\count279
\everyMPshowfont=\toks24
\MPscratchCnt=\count280
\MPscratchDim=\dimen156
\MPnumerator=\count281
\makeMPintoPDFobject=\count282
\everyMPtoPDFconversion=\toks25
) (/usr/local/texlive/2019/texmf-dist/tex/latex/epstopdf-pkg/epstopdf-base.sty
Package: epstopdf-base 2020-01-24 v2.11 Base part for package epstopdf
Package epstopdf-base Info: Redefining graphics rule for `.eps' on input line 4
85.

(/usr/local/texlive/2019/texmf-dist/tex/latex/latexconfig/epstopdf-sys.cfg
File: epstopdf-sys.cfg 2010/07/13 v1.3 Configuration of (r)epstopdf for TeX Liv
e
))
\AtBeginShipoutBox=\box54
Package hyperref Info: Link coloring OFF on input line 54.

(/usr/local/texlive/2019/texmf-dist/tex/latex/hyperref/nameref.sty
Package: nameref 2019/09/16 v2.46 Cross-referencing by name of section

(/usr/local/texlive/2019/texmf-dist/tex/latex/refcount/refcount.sty
Package: refcount 2019/12/15 v3.6 Data extraction from label references (HO)
)
(/usr/local/texlive/2019/texmf-dist/tex/generic/gettitlestring/gettitlestring.s
ty
Package: gettitlestring 2019/12/15 v1.6 Cleanup title references (HO)
)
\c@section@level=\count283
)
LaTeX Info: Redefining \ref on input line 54.
LaTeX Info: Redefining \pageref on input line 54.
LaTeX Info: Redefining \nameref on input line 54.
\@outlinefile=\write3
\openout3 = `A0121749A.out'.

\c@lstlisting=\count284
<./a2/buffer_overflow/alternate.PNG, id=4, 330.63525pt x 242.70676pt>
File: ./a2/buffer_overflow/alternate.PNG Graphic file (type png)
<use ./a2/buffer_overflow/alternate.PNG>
Package pdftex.def Info: ./a2/buffer_overflow/alternate.PNG  used on input line
 67.
(pdftex.def)             Requested size: 231.4431pt x 169.89355pt.

Underfull \hbox (badness 10000) in paragraph at lines 66--68

 []


Underfull \hbox (badness 10000) in paragraph at lines 66--68

 []

<./a2/buffer_overflow/extravariables.PNG, id=6, 264.38776pt x 186.6975pt>
File: ./a2/buffer_overflow/extravariables.PNG Graphic file (type png)
<use ./a2/buffer_overflow/extravariables.PNG>
Package pdftex.def Info: ./a2/buffer_overflow/extravariables.PNG  used on input
 line 70.
(pdftex.def)             Requested size: 185.07016pt x 130.68735pt.

Underfull \hbox (badness 10000) in paragraph at lines 69--71

 []


Underfull \hbox (badness 10000) in paragraph at lines 69--71

 []

[1

{/usr/local/texlive/2019/texmf-var/fonts/map/pdftex/updmap/pdftex.map} <./a2/bu
ffer_overflow/alternate.PNG>]
<./a2/buffer_overflow/extravariablesexploit.PNG, id=18, 811.833pt x 421.575pt>
File: ./a2/buffer_overflow/extravariablesexploit.PNG Graphic file (type png)
<use ./a2/buffer_overflow/extravariablesexploit.PNG>
Package pdftex.def Info: ./a2/buffer_overflow/extravariablesexploit.PNG  used o
n input line 79.
(pdftex.def)             Requested size: 405.9155pt x 210.78697pt.

Underfull \hbox (badness 10000) in paragraph at lines 78--80

 []


Underfull \hbox (badness 10000) in paragraph at lines 78--80

 []


Underfull \hbox (badness 10000) in paragraph at lines 81--82

 []

[2 <./a2/buffer_overflow/extravariables.PNG> <./a2/buffer_overflow/extravariabl
esexploit.PNG>]
<./a2/buffer_overflow/offset.PNG, id=28, 452.28975pt x 271.0125pt>
File: ./a2/buffer_overflow/offset.PNG Graphic file (type png)
<use ./a2/buffer_overflow/offset.PNG>
Package pdftex.def Info: ./a2/buffer_overflow/offset.PNG  used on input line 84
.
(pdftex.def)             Requested size: 316.60066pt x 189.70744pt.

Underfull \hbox (badness 10000) in paragraph at lines 83--85

 []


Underfull \hbox (badness 10000) in paragraph at lines 83--85

 []

<./a2/buffer_overflow/result.PNG, id=29, 440.847pt x 242.70676pt>
File: ./a2/buffer_overflow/result.PNG Graphic file (type png)
<use ./a2/buffer_overflow/result.PNG>
Package pdftex.def Info: ./a2/buffer_overflow/result.PNG  used on input line 87
.
(pdftex.def)             Requested size: 440.84592pt x 242.70615pt.

Underfull \hbox (badness 10000) in paragraph at lines 86--88

 []


Overfull \hbox (7.22592pt too wide) in paragraph at lines 86--88
[] 
 []

[3 <./a2/buffer_overflow/offset.PNG>] [4 <./a2/buffer_overflow/result.PNG>]
Underfull \hbox (badness 10000) in paragraph at lines 94--95

 []


Underfull \hbox (badness 10000) in paragraph at lines 96--100

 []


Underfull \hbox (badness 10000) in paragraph at lines 96--100

 []

<./a2/format_string/result1.PNG, id=40, 392.06474pt x 167.4255pt>
File: ./a2/format_string/result1.PNG Graphic file (type png)
<use ./a2/format_string/result1.PNG>
Package pdftex.def Info: ./a2/format_string/result1.PNG  used on input line 101
.
(pdftex.def)             Requested size: 392.06378pt x 167.42508pt.
<./a2/format_string/result2.PNG, id=41, 395.67825pt x 266.79675pt>
File: ./a2/format_string/result2.PNG Graphic file (type png)
<use ./a2/format_string/result2.PNG>
Package pdftex.def Info: ./a2/format_string/result2.PNG  used on input line 102
.
(pdftex.def)             Requested size: 395.67728pt x 266.79608pt.

Underfull \hbox (badness 10000) in paragraph at lines 101--103

 []

[5 <./a2/format_string/result1.PNG>]
Underfull \hbox (badness 10000) in paragraph at lines 104--105

 []


Underfull \hbox (badness 10000) in paragraph at lines 104--105

 []

<./a2/format_string/script.PNG, id=48, 597.432pt x 348.70274pt>
File: ./a2/format_string/script.PNG Graphic file (type png)
<use ./a2/format_string/script.PNG>
Package pdftex.def Info: ./a2/format_string/script.PNG  used on input line 106.

(pdftex.def)             Requested size: 418.19955pt x 244.09024pt.

Overfull \hbox (2.20438pt too wide) in paragraph at lines 106--107
[][] 
 []


Underfull \hbox (badness 10000) in paragraph at lines 106--107

 []

[6 <./a2/format_string/result2.PNG> <./a2/format_string/script.PNG>] [7]
Underfull \hbox (badness 10000) in paragraph at lines 118--122

 []


Underfull \hbox (badness 10000) in paragraph at lines 123--124

 []


Underfull \hbox (badness 10000) in paragraph at lines 125--126

 []


Underfull \hbox (badness 10000) in paragraph at lines 125--126

 []

<./a2/rop/stack24.PNG, id=64, 595.62524pt x 342.68025pt>
File: ./a2/rop/stack24.PNG Graphic file (type png)
<use ./a2/rop/stack24.PNG>
Package pdftex.def Info: ./a2/rop/stack24.PNG  used on input line 127.
(pdftex.def)             Requested size: 416.93481pt x 239.87454pt.

Overfull \hbox (0.93964pt too wide) in paragraph at lines 127--128
[][] 
 []


Underfull \hbox (badness 10000) in paragraph at lines 127--128

 []

[8 <./a2/rop/stack24.PNG>]
Underfull \hbox (badness 10000) in paragraph at lines 129--132

 []


Underfull \hbox (badness 10000) in paragraph at lines 129--132

 []

<./a2/rop/stack24_ebp.PNG, id=71, 596.82974pt x 309.5565pt>
File: ./a2/rop/stack24_ebp.PNG Graphic file (type png)
<use ./a2/rop/stack24_ebp.PNG>
Package pdftex.def Info: ./a2/rop/stack24_ebp.PNG  used on input line 133.
(pdftex.def)             Requested size: 417.77797pt x 216.68806pt.

Overfull \hbox (1.78279pt too wide) in paragraph at lines 133--134
[][] 
 []


Underfull \hbox (badness 10000) in paragraph at lines 133--134

 []


Underfull \hbox (badness 10000) in paragraph at lines 135--139

 []


Underfull \hbox (badness 10000) in paragraph at lines 135--139

 []

<./a2/rop/dump1.PNG, id=72, 516.7305pt x 199.34476pt>
File: ./a2/rop/dump1.PNG Graphic file (type png)
<use ./a2/rop/dump1.PNG>
Package pdftex.def Info: ./a2/rop/dump1.PNG  used on input line 140.
(pdftex.def)             Requested size: 361.70888pt x 139.54036pt.

Underfull \hbox (badness 10000) in paragraph at lines 140--141

 []

[9 <./a2/rop/stack24_ebp.PNG>]
Underfull \hbox (badness 10000) in paragraph at lines 142--143

 []


Underfull \hbox (badness 10000) in paragraph at lines 144--145

 []


Underfull \hbox (badness 10000) in paragraph at lines 144--145

 []

<./a2/rop/dump1_ext.PNG, id=78, 517.935pt x 228.25275pt>
File: ./a2/rop/dump1_ext.PNG Graphic file (type png)
<use ./a2/rop/dump1_ext.PNG>
Package pdftex.def Info: ./a2/rop/dump1_ext.PNG  used on input line 146.
(pdftex.def)             Requested size: 362.55202pt x 159.77582pt.

Underfull \hbox (badness 10000) in paragraph at lines 146--147

 []


Underfull \hbox (badness 10000) in paragraph at lines 148--149

 []

[10 <./a2/rop/dump1.PNG> <./a2/rop/dump1_ext.PNG>]
<./a2/rop/hclibc.PNG, id=85, 469.755pt x 263.7855pt>
File: ./a2/rop/hclibc.PNG Graphic file (type png)
<use ./a2/rop/hclibc.PNG>
Package pdftex.def Info: ./a2/rop/hclibc.PNG  used on input line 164.
(pdftex.def)             Requested size: 328.82626pt x 184.64859pt.

Underfull \hbox (badness 10000) in paragraph at lines 163--165

 []


Underfull \hbox (badness 10000) in paragraph at lines 163--165

 []

[11 <./a2/rop/hclibc.PNG>]
Underfull \hbox (badness 10000) in paragraph at lines 168--172

 []


Underfull \hbox (badness 10000) in paragraph at lines 168--172

 []

<./a2/rop/stack24_libc.PNG, id=98, 596.82974pt x 313.17pt>
File: ./a2/rop/stack24_libc.PNG Graphic file (type png)
<use ./a2/rop/stack24_libc.PNG>
Package pdftex.def Info: ./a2/rop/stack24_libc.PNG  used on input line 173.
(pdftex.def)             Requested size: 417.77797pt x 219.21748pt.
<./a2/rop/dump2.PNG, id=99, 516.7305pt x 166.221pt>
File: ./a2/rop/dump2.PNG Graphic file (type png)
<use ./a2/rop/dump2.PNG>
Package pdftex.def Info: ./a2/rop/dump2.PNG  used on input line 174.
(pdftex.def)             Requested size: 361.70888pt x 116.35388pt.
<./a2/rop/dump2_ext.PNG, id=100, 519.74174pt x 219.82124pt>
File: ./a2/rop/dump2_ext.PNG Graphic file (type png)
<use ./a2/rop/dump2_ext.PNG>
Package pdftex.def Info: ./a2/rop/dump2_ext.PNG  used on input line 175.
(pdftex.def)             Requested size: 363.81674pt x 153.87381pt.

Overfull \hbox (1.78279pt too wide) in paragraph at lines 173--176
[][] 
 []


Underfull \hbox (badness 10000) in paragraph at lines 173--176

 []

[12 <./a2/rop/stack24_libc.PNG> <./a2/rop/dump2.PNG>]
Underfull \hbox (badness 10000) in paragraph at lines 177--178

 []


Underfull \hbox (badness 10000) in paragraph at lines 177--178

 []

<./a2/rop/calclibc.PNG, id=108, 557.08125pt x 206.57175pt>
File: ./a2/rop/calclibc.PNG Graphic file (type png)
<use ./a2/rop/calclibc.PNG>
Package pdftex.def Info: ./a2/rop/calclibc.PNG  used on input line 179.
(pdftex.def)             Requested size: 389.95422pt x 144.59923pt.

Underfull \hbox (badness 10000) in paragraph at lines 179--180

 []

[13 <./a2/rop/dump2_ext.PNG> <./a2/rop/calclibc.PNG>] [14]
LaTeX Font Info:    Trying to load font information for OT4+cmtt on input line 
196.

(/usr/local/texlive/2019/texmf-dist/tex/latex/polski/ot4cmtt.fd
File: ot4cmtt.fd 2008/02/24 v1.2.1 Font defs for fonts PL (MW)
)
<./a2/rop/libcaddr.PNG, id=123, 336.65775pt x 65.64525pt>
File: ./a2/rop/libcaddr.PNG Graphic file (type png)
<use ./a2/rop/libcaddr.PNG>
Package pdftex.def Info: ./a2/rop/libcaddr.PNG  used on input line 200.
(pdftex.def)             Requested size: 336.6569pt x 65.64507pt.
<./a2/rop/openoffset.PNG, id=124, 437.83575pt x 19.272pt>
File: ./a2/rop/openoffset.PNG Graphic file (type png)
<use ./a2/rop/openoffset.PNG>
Package pdftex.def Info: ./a2/rop/openoffset.PNG  used on input line 202.
(pdftex.def)             Requested size: 437.83469pt x 19.27194pt.
<./a2/rop/openaddr.PNG, id=125, 336.65775pt x 21.07875pt>
File: ./a2/rop/openaddr.PNG Graphic file (type png)
<use ./a2/rop/openaddr.PNG>
Package pdftex.def Info: ./a2/rop/openaddr.PNG  used on input line 204.
(pdftex.def)             Requested size: 336.6569pt x 21.07867pt.

Overfull \hbox (4.21469pt too wide) in paragraph at lines 198--205
[] 
 []

[15 <./a2/rop/libcaddr.PNG> <./a2/rop/openoffset.PNG> <./a2/rop/openaddr.PNG>]
Underfull \hbox (badness 10000) in paragraph at lines 208--209

 []


Underfull \hbox (badness 10000) in paragraph at lines 210--212

 []


Underfull \hbox (badness 10000) in paragraph at lines 210--212

 []

<./a2/rop/exploit.PNG, id=138, 775.09575pt x 475.17525pt>
File: ./a2/rop/exploit.PNG Graphic file (type png)
<use ./a2/rop/exploit.PNG>
Package pdftex.def Info: ./a2/rop/exploit.PNG  used on input line 213.
(pdftex.def)             Requested size: 465.06104pt x 285.10735pt.

Overfull \hbox (49.06586pt too wide) in paragraph at lines 213--214
[][] 
 []


Underfull \hbox (badness 10000) in paragraph at lines 213--214

 []

[16 <./a2/rop/exploit.PNG>]
<./a2/rop/sceA.PNG, id=144, 336.65775pt x 358.941pt>
File: ./a2/rop/sceA.PNG Graphic file (type png)
<use ./a2/rop/sceA.PNG>
Package pdftex.def Info: ./a2/rop/sceA.PNG  used on input line 227.
(pdftex.def)             Requested size: 336.6569pt x 358.94011pt.
 [17 <./a2/rop/sceA.PNG>]
<./a2/rop/sceB.PNG, id=155, 336.0555pt x 379.4175pt>
File: ./a2/rop/sceB.PNG Graphic file (type png)
<use ./a2/rop/sceB.PNG>
Package pdftex.def Info: ./a2/rop/sceB.PNG  used on input line 239.
(pdftex.def)             Requested size: 336.05467pt x 379.41656pt.
 [18 <./a2/rop/sceB.PNG>]
Package atveryend Info: Empty hook `BeforeClearDocument' on input line 252.

[19]
Package atveryend Info: Empty hook `AfterLastShipout' on input line 252.
 (./A0121749A.aux)
Package atveryend Info: Executing hook `AtVeryEndDocument' on input line 252.
Package atveryend Info: Executing hook `AtEndAfterFileList' on input line 252.


Package rerunfilecheck Warning: File `A0121749A.out' has changed.
(rerunfilecheck)                Rerun to get outlines right
(rerunfilecheck)                or use package `bookmark'.

Package rerunfilecheck Info: Checksums for `A0121749A.out':
(rerunfilecheck)             Before: <no file>
(rerunfilecheck)             After:  DEBB790DE7D946752034E29E91FE562F;167.
Package atveryend Info: Empty hook `AtVeryVeryEnd' on input line 252.
 ) 
Here is how much of TeX's memory you used:
 8029 strings out of 481250
 120617 string characters out of 5918206
 564090 words of memory out of 5000000
 23082 multiletter control sequences out of 15000+600000
 540130 words of font info for 45 fonts, out of 8000000 for 9000
 1141 hyphenation exceptions out of 8191
 34i,5n,51p,519b,435s stack positions out of 5000i,500n,10000p,200000b,80000s
{/usr/local/texlive/2019/texmf-dist/fonts/enc/dvips/pl/pltt.enc}{/usr/local/t
exlive/2019/texmf-dist/fonts/enc/dvips/pl/plrm.enc}{/usr/local/texlive/2019/tex
mf-dist/fonts/enc/dvips/pl/plit.enc}</usr/local/texlive/2019/texmf-dist/fonts/t
ype1/public/amsfonts/cm/cmmi12.pfb></usr/local/texlive/2019/texmf-dist/fonts/ty
pe1/public/amsfonts/cm/cmr12.pfb></usr/local/texlive/2019/texmf-dist/fonts/type
1/public/amsfonts/cm/cmsy10.pfb></usr/local/texlive/2019/texmf-dist/fonts/type1
/public/pl/plbx12.pfb></usr/local/texlive/2019/texmf-dist/fonts/type1/public/pl
/plr12.pfb></usr/local/texlive/2019/texmf-dist/fonts/type1/public/pl/plr17.pfb>
</usr/local/texlive/2019/texmf-dist/fonts/type1/public/pl/plsl12.pfb></usr/loca
l/texlive/2019/texmf-dist/fonts/type1/public/pl/plti12.pfb></usr/local/texlive/
2019/texmf-dist/fonts/type1/public/pl/pltt12.pfb>
Output written on A0121749A.pdf (19 pages, 848659 bytes).
PDF statistics:
 225 PDF objects out of 1000 (max. 8388607)
 147 compressed objects within 2 object streams
 56 named destinations out of 1000 (max. 500000)
 116 words of extra memory for PDF output out of 10000 (max. 10000000)

